0 info it worked if it ends with ok
1 verbose cli [ 'C:\\Users\\josep\\AppData\\Local\\.meteor\\packages\\meteor-tool\\1.3.0_3\\mt-os.windows.x86_32\\dev_bundle\\bin\\\\node.exe',
1 verbose cli   'C:\\Users\\josep\\AppData\\Local\\.meteor\\packages\\meteor-tool\\1.3.0_3\\mt-os.windows.x86_32\\dev_bundle\\lib\\node_modules\\npm\\bin\\npm-cli.js',
1 verbose cli   'install',
1 verbose cli   '--save',
1 verbose cli   'video.html' ]
2 info using npm@2.14.22
3 info using node@v0.10.43
4 verbose install initial load of C:\Users\josep\Creative Cloud Files\Code\MachinePorn\project\FINAL\Red_Light_Videos\package.json
5 verbose installManyTop reading scoped package data from C:\Users\josep\Creative Cloud Files\Code\MachinePorn\project\FINAL\Red_Light_Videos\node_modules\meteor-node-stubs\package.json
6 verbose readDependencies loading dependencies from C:\Users\josep\Creative Cloud Files\Code\MachinePorn\project\FINAL\Red_Light_Videos\package.json
7 silly cache add args [ 'video.html', null ]
8 verbose cache add spec video.html
9 silly cache add parsed spec { raw: 'video.html',
9 silly cache add   scope: null,
9 silly cache add   name: 'video.html',
9 silly cache add   rawSpec: '',
9 silly cache add   spec: 'latest',
9 silly cache add   type: 'tag' }
10 silly addNamed video.html@latest
11 verbose addNamed "latest" is being treated as a dist-tag for video.html
12 info addNameTag [ 'video.html', 'latest' ]
13 silly mapToRegistry name video.html
14 silly mapToRegistry using default registry
15 silly mapToRegistry registry https://registry.npmjs.org/
16 silly mapToRegistry uri https://registry.npmjs.org/video.html
17 verbose addNameTag registry:https://registry.npmjs.org/video.html not in flight; fetching
18 verbose request uri https://registry.npmjs.org/video.html
19 verbose request no auth needed
20 info attempt registry request try #1 at 18:44:06
21 verbose request id 9a788a8d9aeebdf6
22 http request GET https://registry.npmjs.org/video.html
23 http 404 https://registry.npmjs.org/video.html
24 verbose headers { 'content-type': 'application/json',
24 verbose headers   'cache-control': 'max-age=0',
24 verbose headers   'content-length': '2',
24 verbose headers   'accept-ranges': 'bytes',
24 verbose headers   date: 'Fri, 01 Apr 2016 01:43:15 GMT',
24 verbose headers   via: '1.1 varnish',
24 verbose headers   age: '0',
24 verbose headers   connection: 'keep-alive',
24 verbose headers   'x-served-by': 'cache-sjc3127-SJC',
24 verbose headers   'x-cache': 'MISS',
24 verbose headers   'x-cache-hits': '0',
24 verbose headers   'x-timer': 'S1459474995.571845,VS0,VE354' }
25 silly get cb [ 404,
25 silly get   { 'content-type': 'application/json',
25 silly get     'cache-control': 'max-age=0',
25 silly get     'content-length': '2',
25 silly get     'accept-ranges': 'bytes',
25 silly get     date: 'Fri, 01 Apr 2016 01:43:15 GMT',
25 silly get     via: '1.1 varnish',
25 silly get     age: '0',
25 silly get     connection: 'keep-alive',
25 silly get     'x-served-by': 'cache-sjc3127-SJC',
25 silly get     'x-cache': 'MISS',
25 silly get     'x-cache-hits': '0',
25 silly get     'x-timer': 'S1459474995.571845,VS0,VE354' } ]
26 verbose stack Error: Registry returned 404 for GET on https://registry.npmjs.org/video.html
26 verbose stack     at makeError (C:\Users\josep\AppData\Local\.meteor\packages\meteor-tool\1.3.0_3\mt-os.windows.x86_32\dev_bundle\lib\node_modules\npm\node_modules\npm-registry-client\lib\request.js:264:12)
26 verbose stack     at CachingRegistryClient.<anonymous> (C:\Users\josep\AppData\Local\.meteor\packages\meteor-tool\1.3.0_3\mt-os.windows.x86_32\dev_bundle\lib\node_modules\npm\node_modules\npm-registry-client\lib\request.js:242:14)
26 verbose stack     at Request._callback (C:\Users\josep\AppData\Local\.meteor\packages\meteor-tool\1.3.0_3\mt-os.windows.x86_32\dev_bundle\lib\node_modules\npm\node_modules\npm-registry-client\lib\request.js:172:14)
26 verbose stack     at Request.self.callback (C:\Users\josep\AppData\Local\.meteor\packages\meteor-tool\1.3.0_3\mt-os.windows.x86_32\dev_bundle\lib\node_modules\npm\node_modules\request\request.js:199:22)
26 verbose stack     at Request.emit (events.js:98:17)
26 verbose stack     at Request.<anonymous> (C:\Users\josep\AppData\Local\.meteor\packages\meteor-tool\1.3.0_3\mt-os.windows.x86_32\dev_bundle\lib\node_modules\npm\node_modules\request\request.js:1036:10)
26 verbose stack     at Request.emit (events.js:117:20)
26 verbose stack     at IncomingMessage.<anonymous> (C:\Users\josep\AppData\Local\.meteor\packages\meteor-tool\1.3.0_3\mt-os.windows.x86_32\dev_bundle\lib\node_modules\npm\node_modules\request\request.js:963:12)
26 verbose stack     at IncomingMessage.emit (events.js:117:20)
26 verbose stack     at _stream_readable.js:944:16
27 verbose statusCode 404
28 verbose pkgid video.html
29 verbose cwd C:\Users\josep\Creative Cloud Files\Code\MachinePorn\project\FINAL\Red_Light_Videos
30 error Windows_NT 10.0.10240
31 error argv "C:\\Users\\josep\\AppData\\Local\\.meteor\\packages\\meteor-tool\\1.3.0_3\\mt-os.windows.x86_32\\dev_bundle\\bin\\\\node.exe" "C:\\Users\\josep\\AppData\\Local\\.meteor\\packages\\meteor-tool\\1.3.0_3\\mt-os.windows.x86_32\\dev_bundle\\lib\\node_modules\\npm\\bin\\npm-cli.js" "install" "--save" "video.html"
32 error node v0.10.43
33 error npm  v2.14.22
34 error code E404
35 error 404 Registry returned 404 for GET on https://registry.npmjs.org/video.html
35 error 404
35 error 404 'video.html' is not in the npm registry.
35 error 404 You should bug the author to publish it (or use the name yourself!)
35 error 404 It was specified as a dependency of 'Red_Light_Videos'
35 error 404
35 error 404 Note that you can also install from a
35 error 404 tarball, folder, http url, or git url.
36 verbose exit [ 1, true ]
